2016-04-07 23:43:48,057 ERROR [org.wso2.carbon.automation.engine.configurations.AutomationConfiguration] - Error While reading configurations 
java.lang.NullPointerException
	at org.wso2.carbon.automation.engine.frameworkutils.FrameworkPathUtil.getSystemResourceLocation(FrameworkPathUtil.java:38)
	at org.wso2.carbon.automation.engine.configurations.AutomationConfigurationReader.readConfigurationXmlDocument(AutomationConfigurationReader.java:78)
	at org.wso2.carbon.automation.engine.configurations.AutomationConfigurationReader.readAutomationConfigurations(AutomationConfigurationReader.java:62)
	at org.wso2.carbon.automation.engine.configurations.AutomationConfiguration.<clinit>(AutomationConfiguration.java:21)
	at org.wso2.carbon.automation.engine.context.AutomationContext.assignParameters(AutomationContext.java:165)
	at org.wso2.carbon.automation.engine.context.AutomationContext.<init>(AutomationContext.java:128)
	at org.wso2.mb.integration.common.utils.backend.MBIntegrationBaseTest.init(MBIntegrationBaseTest.java:58)
	at org.wso2.mb.integration.tests.mqtt.functional.BasicAuthorizationTestCase.prepare(BasicAuthorizationTestCase.java:76)
	at sun.reflect.NativeMethodAccessorImpl.invoke0(Native Method)
	at sun.reflect.NativeMethodAccessorImpl.invoke(NativeMethodAccessorImpl.java:57)
	at sun.reflect.DelegatingMethodAccessorImpl.invoke(DelegatingMethodAccessorImpl.java:43)
	at java.lang.reflect.Method.invoke(Method.java:606)
	at org.testng.internal.MethodInvocationHelper.invokeMethod(MethodInvocationHelper.java:85)
	at org.testng.internal.Invoker.invokeConfigurationMethod(Invoker.java:510)
	at org.testng.internal.Invoker.invokeConfigurations(Invoker.java:211)
	at org.testng.internal.Invoker.invokeConfigurations(Invoker.java:138)
	at org.testng.internal.TestMethodWorker.invokeBeforeClassMethods(TestMethodWorker.java:170)
	at org.testng.internal.TestMethodWorker.run(TestMethodWorker.java:104)
	at org.testng.TestRunner.privateRun(TestRunner.java:774)
	at org.testng.TestRunner.run(TestRunner.java:624)
	at org.testng.SuiteRunner.runTest(SuiteRunner.java:359)
	at org.testng.SuiteRunner.runSequentially(SuiteRunner.java:354)
	at org.testng.SuiteRunner.privateRun(SuiteRunner.java:312)
	at org.testng.SuiteRunner.run(SuiteRunner.java:261)
	at org.testng.SuiteRunnerWorker.runSuite(SuiteRunnerWorker.java:52)
	at org.testng.SuiteRunnerWorker.run(SuiteRunnerWorker.java:86)
	at org.testng.TestNG.runSuitesSequentially(TestNG.java:1215)
	at org.testng.TestNG.runSuitesLocally(TestNG.java:1140)
	at org.testng.TestNG.run(TestNG.java:1048)
	at org.testng.remote.RemoteTestNG.run(RemoteTestNG.java:112)
	at org.testng.remote.RemoteTestNG.initAndRun(RemoteTestNG.java:205)
	at org.testng.remote.RemoteTestNG.main(RemoteTestNG.java:176)
	at org.testng.RemoteTestNGStarter.main(RemoteTestNGStarter.java:125)
	at sun.reflect.NativeMethodAccessorImpl.invoke0(Native Method)
	at sun.reflect.NativeMethodAccessorImpl.invoke(NativeMethodAccessorImpl.java:57)
	at sun.reflect.DelegatingMethodAccessorImpl.invoke(DelegatingMethodAccessorImpl.java:43)
	at java.lang.reflect.Method.invoke(Method.java:606)
	at com.intellij.rt.execution.application.AppMain.main(AppMain.java:140)
2016-04-07 23:51:41,167 ERROR [org.wso2.carbon.automation.engine.configurations.AutomationConfiguration] - Error While reading configurations 
java.lang.NullPointerException
	at org.wso2.carbon.automation.engine.frameworkutils.FrameworkPathUtil.getSystemResourceLocation(FrameworkPathUtil.java:38)
	at org.wso2.carbon.automation.engine.configurations.AutomationConfigurationReader.readConfigurationXmlDocument(AutomationConfigurationReader.java:78)
	at org.wso2.carbon.automation.engine.configurations.AutomationConfigurationReader.readAutomationConfigurations(AutomationConfigurationReader.java:62)
	at org.wso2.carbon.automation.engine.configurations.AutomationConfiguration.<clinit>(AutomationConfiguration.java:21)
	at org.wso2.carbon.automation.engine.context.AutomationContext.assignParameters(AutomationContext.java:165)
	at org.wso2.carbon.automation.engine.context.AutomationContext.<init>(AutomationContext.java:128)
	at org.wso2.mb.integration.common.utils.backend.MBIntegrationBaseTest.init(MBIntegrationBaseTest.java:58)
	at org.wso2.mb.integration.tests.mqtt.functional.BasicAuthorizationTestCase.prepare(BasicAuthorizationTestCase.java:76)
	at sun.reflect.NativeMethodAccessorImpl.invoke0(Native Method)
	at sun.reflect.NativeMethodAccessorImpl.invoke(NativeMethodAccessorImpl.java:57)
	at sun.reflect.DelegatingMethodAccessorImpl.invoke(DelegatingMethodAccessorImpl.java:43)
	at java.lang.reflect.Method.invoke(Method.java:606)
	at org.testng.internal.MethodInvocationHelper.invokeMethod(MethodInvocationHelper.java:85)
	at org.testng.internal.Invoker.invokeConfigurationMethod(Invoker.java:510)
	at org.testng.internal.Invoker.invokeConfigurations(Invoker.java:211)
	at org.testng.internal.Invoker.invokeConfigurations(Invoker.java:138)
	at org.testng.internal.TestMethodWorker.invokeBeforeClassMethods(TestMethodWorker.java:170)
	at org.testng.internal.TestMethodWorker.run(TestMethodWorker.java:104)
	at org.testng.TestRunner.privateRun(TestRunner.java:774)
	at org.testng.TestRunner.run(TestRunner.java:624)
	at org.testng.SuiteRunner.runTest(SuiteRunner.java:359)
	at org.testng.SuiteRunner.runSequentially(SuiteRunner.java:354)
	at org.testng.SuiteRunner.privateRun(SuiteRunner.java:312)
	at org.testng.SuiteRunner.run(SuiteRunner.java:261)
	at org.testng.SuiteRunnerWorker.runSuite(SuiteRunnerWorker.java:52)
	at org.testng.SuiteRunnerWorker.run(SuiteRunnerWorker.java:86)
	at org.testng.TestNG.runSuitesSequentially(TestNG.java:1215)
	at org.testng.TestNG.runSuitesLocally(TestNG.java:1140)
	at org.testng.TestNG.run(TestNG.java:1048)
	at org.testng.remote.RemoteTestNG.run(RemoteTestNG.java:112)
	at org.testng.remote.RemoteTestNG.initAndRun(RemoteTestNG.java:205)
	at org.testng.remote.RemoteTestNG.main(RemoteTestNG.java:176)
	at org.testng.RemoteTestNGStarter.main(RemoteTestNGStarter.java:125)
